Log file open, 11/02/17 21:08:46
LogWindows: LoadLibraryWithSearchPaths failed for file aqProf.dll. GetLastError=0
LogWindows: LoadLibraryWithSearchPaths failed for file VSPerf140.dll. GetLastError=0
LogWindows: LoadLibraryWithSearchPaths failed for file VtuneApi.dll. GetLastError=0
LogWindows: LoadLibraryWithSearchPaths failed for file VtuneApi32e.dll. GetLastError=0
LogInit: Display: Running engine for game: SideScroller3
LogPlatformFile: Not using cached read wrapper
LogInit: Display: RandInit(-200730366) SRandInit(-200730366).
LogTaskGraph: Started task graph with 5 named threads and 20 total threads with 3 sets of task threads.
LogStats: Stats thread started at 0.260510
LogD3D11RHI: Aftermath initialized
LogPluginManager: Mounting plugin Paper2D
LogPluginManager: Mounting plugin LightPropagationVolume
LogPluginManager: Mounting plugin CodeLiteSourceCodeAccess
LogPluginManager: Mounting plugin GitSourceControl
LogPluginManager: Mounting plugin KDevelopSourceCodeAccess
LogPluginManager: Mounting plugin NullSourceCodeAccess
LogPluginManager: Mounting plugin PerforceSourceControl
LogPluginManager: Mounting plugin SubversionSourceControl
LogPluginManager: Mounting plugin UObjectPlugin
LogPluginManager: Mounting plugin VisualStudioSourceCodeAccess
LogPluginManager: Mounting plugin XCodeSourceCodeAccess
LogPluginManager: Mounting plugin AssetManagerEditor
LogPluginManager: Mounting plugin AudioCapture
LogPluginManager: Mounting plugin FacialAnimation
LogPluginManager: Mounting plugin GameplayTagsEditor
LogPluginManager: Mounting plugin MobileLauncherProfileWizard
LogPluginManager: Mounting plugin PluginBrowser
LogPluginManager: Mounting plugin SpeedTreeImporter
LogPluginManager: Mounting plugin AlembicImporter
LogPluginManager: Mounting plugin CharacterAI
LogPluginManager: Mounting plugin HTML5Networking
LogPluginManager: Mounting plugin AndroidMedia
LogPluginManager: Mounting plugin AvfMedia
LogPluginManager: Mounting plugin MediaPlayerEditor
LogPluginManager: Mounting plugin WmfMedia
LogPluginManager: Mounting plugin TcpMessaging
LogPluginManager: Mounting plugin UdpMessaging
LogPluginManager: Mounting plugin LevelSequenceEditor
LogPluginManager: Mounting plugin MatineeToLevelSequence
LogPluginManager: Mounting plugin OnlineSubsystemGooglePlay
LogPluginManager: Mounting plugin OnlineSubsystemIOS
LogPluginManager: Mounting plugin OnlineSubsystem
LogPluginManager: Mounting plugin OnlineSubsystemNull
LogPluginManager: Mounting plugin OnlineSubsystemUtils
LogPluginManager: Mounting plugin AndroidDeviceProfileSelector
LogPluginManager: Mounting plugin AndroidMoviePlayer
LogPluginManager: Mounting plugin AndroidPermission
LogPluginManager: Mounting plugin AppleMoviePlayer
LogPluginManager: Mounting plugin ArchVisCharacter
LogPluginManager: Mounting plugin CableComponent
LogPluginManager: Mounting plugin CustomMeshComponent
LogPluginManager: Mounting plugin ExampleDeviceProfileSelector
LogPluginManager: Mounting plugin GoogleCloudMessaging
LogPluginManager: Mounting plugin ImmediatePhysics
LogPluginManager: Mounting plugin IOSDeviceProfileSelector
LogPluginManager: Mounting plugin LinuxDeviceProfileSelector
LogPluginManager: Mounting plugin LocationServicesBPLibrary
LogPluginManager: Mounting plugin MobilePatchingUtils
LogPluginManager: Mounting plugin OculusVR
LogPluginManager: Mounting plugin PhysXVehicles
LogPluginManager: Mounting plugin ProceduralMeshComponent
LogPluginManager: Mounting plugin RuntimePhysXCooking
LogPluginManager: Mounting plugin SteamVR
LogPluginManager: Mounting plugin WindowsMoviePlayer
LogInit: Using libcurl 7.47.1
LogInit:  - built for x86_64-pc-win32
LogInit:  - supports SSL with OpenSSL/1.0.2g
LogInit:  - supports HTTP deflate (compression) using libz 1.2.8
LogInit:  - other features:
LogInit:      CURL_VERSION_SSL
LogInit:      CURL_VERSION_LIBZ
LogInit:      CURL_VERSION_IPV6
LogInit:      CURL_VERSION_ASYNCHDNS
LogInit:      CURL_VERSION_LARGEFILE
LogInit:      CURL_VERSION_IDN
LogInit:  CurlRequestOptions (configurable via config and command line):
LogInit:  - bVerifyPeer = false  - Libcurl will NOT verify peer certificate
LogInit:  - bUseHttpProxy = false  - Libcurl will NOT use HTTP proxy
LogInit:  - bDontReuseConnections = false  - Libcurl will reuse connections
LogInit:  - CertBundlePath = nullptr  - Libcurl will use whatever was configured at build time.
LogInit: Build: ++UE4+Release-4.17-CL-3586342
LogInit: Engine Version: 4.17.1-3586342+++UE4+Release-4.17
LogInit: Compatible Engine Version: 4.17.0-3573198+++UE4+Release-4.17
LogInit: Net CL: 3573198
LogDevObjectVersion: Number of dev versions registered: 16
LogDevObjectVersion:   Dev-Blueprints (B0D832E4-1F89-4F0D-ACCF-7EB736FD4AA2): 10
LogDevObjectVersion:   Dev-Build (E1C64328-A22C-4D53-A36C-8E866417BD8C): 0
LogDevObjectVersion:   Dev-Core (375EC13C-06E4-48FB-B500-84F0262A717E): 2
LogDevObjectVersion:   Dev-Editor (E4B068ED-F494-42E9-A231-DA0B2E46BB41): 20
LogDevObjectVersion:   Dev-Framework (CFFC743F-43B0-4480-9391-14DF171D2073): 28
LogDevObjectVersion:   Dev-Mobile (B02B49B5-BB20-44E9-A304-32B752E40360): 0
LogDevObjectVersion:   Dev-Networking (A4E4105C-59A1-49B5-A7C5-40C4547EDFEE): 0
LogDevObjectVersion:   Dev-Online (39C831C9-5AE6-47DC-9A44-9C173E1C8E7C): 0
LogDevObjectVersion:   Dev-Physics (78F01B33-EBEA-4F98-B9B4-84EACCB95AA2): 0
LogDevObjectVersion:   Dev-Platform (6631380F-2D4D-43E0-8009-CF276956A95A): 0
LogDevObjectVersion:   Dev-Rendering (12F88B9F-8875-4AFC-A67C-D90C383ABD29): 19
LogDevObjectVersion:   Dev-Sequencer (7B5AE74C-D270-4C10-A958-57980B212A5A): 4
LogDevObjectVersion:   Dev-VR (D7296918-1DD6-4BDD-9DE2-64A83CC13884): 0
LogDevObjectVersion:   Dev-LoadTimes (C2A15278-BFE7-4AFE-6C17-90FF531DF755): 1
LogDevObjectVersion:   Private-Geometry (6EACA3D4-40EC-4CC1-B786-8BED09428FC5): 1
LogDevObjectVersion:   Dev-AnimPhys (29E575DD-E0A3-4627-9D10-D276232CDCEA): 7
LogInit: Compiled (64-bit): Aug 15 2017 02:05:26
LogInit: Compiled with Visual C++: 19.00.24215.01
LogInit: Build Configuration: Development
LogInit: Branch Name: ++UE4+Release-4.17
LogInit: Command line:  
LogInit: Base directory: C:/Program Files/Epic Games/UE_4.17/Engine/Binaries/Win64/
LogInit: Installed Engine Build: 1
LogInit: Presizing for max 8388607 objects, including 0 objects not considered by GC, pre-allocating 0 bytes for permanent pool.
LogInit: Object subsystem initialized
[2017.11.03-03.08.47:190][  0]LogInit: Selected Device Profile: [Windows]
[2017.11.03-03.08.47:191][  0]LogInit: Applying CVar settings loaded from the selected device profile: [Windows]
[2017.11.03-03.08.47:219][  0]LogInit: Computer: W700B-R3M4
[2017.11.03-03.08.47:219][  0]LogInit: User: robertsonb
[2017.11.03-03.08.47:219][  0]LogInit: CPU Page size=4096, Cores=6
[2017.11.03-03.08.47:219][  0]LogInit: High frequency timer resolution =2.338338 MHz
[2017.11.03-03.08.47:220][  0]LogMemory: Memory total: Physical=15.9GB (16GB approx)
[2017.11.03-03.08.47:220][  0]LogMemory: Platform Memory Stats for Windows
[2017.11.03-03.08.47:220][  0]LogMemory: Process Physical Memory: 279.18 MB used, 279.18 MB peak
[2017.11.03-03.08.47:220][  0]LogMemory: Process Virtual Memory: 276.89 MB used, 276.89 MB peak
[2017.11.03-03.08.47:220][  0]LogMemory: Physical Memory: 4841.83 MB used,  11466.53 MB free, 16308.36 MB total
[2017.11.03-03.08.47:220][  0]LogMemory: Virtual Memory: 676.41 MB used,  11466.53 MB free, 134217728.00 MB total
[2017.11.03-03.08.47:497][  0]LogInit: Using OS detected language (en-US).
[2017.11.03-03.08.47:497][  0]LogInit: Using OS detected locale (en-CA).
[2017.11.03-03.08.47:501][  0]LogTextLocalizationManager: No specific localization for 'en-US' exists, so the 'en' localization will be used.
[2017.11.03-03.08.48:541][  0]LogD3D11RHI: D3D11 adapters:
[2017.11.03-03.08.48:603][  0]LogD3D11RHI:    0. 'NVIDIA Quadro K4200' (Feature Level 11_0)
[2017.11.03-03.08.48:603][  0]LogD3D11RHI:       4063/0/8154 MB DedicatedVideo/DedicatedSystem/SharedSystem, Outputs:2, VendorId:0x10de
[2017.11.03-03.08.48:606][  0]LogD3D11RHI:    1. 'Microsoft Basic Render Driver' (Feature Level 11_0)
[2017.11.03-03.08.48:606][  0]LogD3D11RHI:       0/0/8154 MB DedicatedVideo/DedicatedSystem/SharedSystem, Outputs:0, VendorId:0x1414
[2017.11.03-03.08.48:606][  0]LogD3D11RHI: Chosen D3D11 Adapter: 0
[2017.11.03-03.08.48:615][  0]LogD3D11RHI: Creating new Direct3DDevice
[2017.11.03-03.08.48:615][  0]LogD3D11RHI:     GPU DeviceId: 0x11b4 (for the marketing name, search the web for "GPU Device Id")
[2017.11.03-03.08.48:615][  0]LogWindows: EnumDisplayDevices:
[2017.11.03-03.08.48:615][  0]LogWindows:    0. 'NVIDIA Quadro K4200' (P:0 D:1)
[2017.11.03-03.08.48:615][  0]LogWindows:    1. 'NVIDIA Quadro K4200' (P:1 D:1)
[2017.11.03-03.08.48:616][  0]LogWindows:    2. 'NVIDIA Quadro K4200' (P:0 D:0)
[2017.11.03-03.08.48:617][  0]LogWindows:    3. 'NVIDIA Quadro K4200' (P:0 D:0)
[2017.11.03-03.08.48:617][  0]LogWindows:    4. 'Mirage Driver' (P:0 D:0)
[2017.11.03-03.08.48:618][  0]LogWindows: DebugString: GetVideoDriverDetailsInvalid PrimaryIsNotTheChoosenAdapter FoundDriverCount:4 
[2017.11.03-03.08.48:618][  0]LogD3D11RHI:     Adapter Name: NVIDIA Quadro K4200
[2017.11.03-03.08.48:618][  0]LogD3D11RHI:   Driver Version: 385.41 (internal:22.21.13.8541, unified:385.41)
[2017.11.03-03.08.48:618][  0]LogD3D11RHI:      Driver Date: 8-21-2017
[2017.11.03-03.08.48:618][  0]LogRHI: Texture pool is 1361 MB (70% of 1945 MB)
[2017.11.03-03.08.48:660][  0]LogD3D11RHI: Async texture creation enabled
[2017.11.03-03.08.48:674][  0]LogD3D11RHI: GPU Timing Frequency: 1000.000000 (Debug: 2 1)
[2017.11.03-03.08.48:760][  0]LogShaderCompilers: Guid format shader working directory is 35 characters bigger than the processId version (D:/BR/BR/SideScroller3/Intermediate/Shaders/WorkingDirectory/9492/).
[2017.11.03-03.08.48:761][  0]LogShaderCompilers: Cleaned the shader compiler working directory 'C:/Users/robertsonb.ULETH/AppData/Local/Temp/UnrealShaderWorkingDir/127DEA9C430599190AB5809D29823CC5/'.
[2017.11.03-03.08.48:761][  0]LogShaderCompilers: Display: Using Local Shader Compiler.
[2017.11.03-03.08.50:326][  0]LogTemp: Display: Loaded TP AllDesktopTargetPlatform
[2017.11.03-03.08.50:420][  0]LogTemp: Display: Loaded TP MacClientTargetPlatform
[2017.11.03-03.08.50:495][  0]LogTemp: Display: Loaded TP MacNoEditorTargetPlatform
[2017.11.03-03.08.50:570][  0]LogTemp: Display: Loaded TP MacServerTargetPlatform
[2017.11.03-03.08.50:651][  0]LogTemp: Display: Loaded TP MacTargetPlatform
[2017.11.03-03.08.50:726][  0]LogTemp: Display: Loaded TP WindowsClientTargetPlatform
[2017.11.03-03.08.50:801][  0]LogTemp: Display: Loaded TP WindowsNoEditorTargetPlatform
[2017.11.03-03.08.50:890][  0]LogTemp: Display: Loaded TP WindowsServerTargetPlatform
[2017.11.03-03.08.50:961][  0]LogTemp: Display: Loaded TP WindowsTargetPlatform
[2017.11.03-03.08.51:035][  0]LogTemp: Display: Loaded TP AndroidTargetPlatform
[2017.11.03-03.08.51:135][  0]LogTemp: Display: Loaded TP Android_ASTCTargetPlatform
[2017.11.03-03.08.51:217][  0]LogTemp: Display: Loaded TP Android_ATCTargetPlatform
[2017.11.03-03.08.51:292][  0]LogTemp: Display: Loaded TP Android_DXTTargetPlatform
[2017.11.03-03.08.51:365][  0]LogTemp: Display: Loaded TP Android_ETC1TargetPlatform
[2017.11.03-03.08.51:441][  0]LogTemp: Display: Loaded TP Android_ETC2TargetPlatform
[2017.11.03-03.08.51:602][  0]LogTemp: Display: Loaded TP Android_MultiTargetPlatform
[2017.11.03-03.08.51:602][  0]LogTemp: Display: Loaded TP Android_PVRTCTargetPlatform
[2017.11.03-03.08.51:681][  0]LogTemp: Display: Loaded TP HTML5TargetPlatform
[2017.11.03-03.08.51:835][  0]LogTemp: Display: Loaded TP IOSTargetPlatform
[2017.11.03-03.08.51:909][  0]LogTemp: Display: Loaded TP TVOSTargetPlatform
[2017.11.03-03.08.51:995][  0]LogTemp: Display: Loaded TP LinuxClientTargetPlatform
[2017.11.03-03.08.52:070][  0]LogTemp: Display: Loaded TP LinuxNoEditorTargetPlatform
[2017.11.03-03.08.52:143][  0]LogTemp: Display: Loaded TP LinuxServerTargetPlatform
[2017.11.03-03.08.52:216][  0]LogTemp: Display: Loaded TP LinuxTargetPlatform
[2017.11.03-03.08.52:216][  0]LogTargetPlatformManager: Display: Building Assets For Windows
[2017.11.03-03.08.53:108][  0]LogDerivedDataCache: Display: Max Cache Size: 512 MB
[2017.11.03-03.08.53:241][  0]LogDerivedDataCache: Loaded boot cache 0.13s 93MB C:/Users/robertsonb.ULETH/AppData/Local/UnrealEngine/4.17/DerivedDataCache/Boot.ddc.
[2017.11.03-03.08.53:241][  0]LogDerivedDataCache: Display: Loaded Boot cache: C:/Users/robertsonb.ULETH/AppData/Local/UnrealEngine/4.17/DerivedDataCache/Boot.ddc
[2017.11.03-03.08.53:241][  0]LogDerivedDataCache: FDerivedDataBackendGraph:  Pak pak cache file D:/BR/BR/SideScroller3/DerivedDataCache/DDC.ddp not found, will not use a pak cache.
[2017.11.03-03.08.53:241][  0]LogDerivedDataCache: Unable to find inner node Pak for hierarchical cache Hierarchy.
[2017.11.03-03.08.53:242][  0]LogDerivedDataCache: FDerivedDataBackendGraph:  CompressedPak pak cache file D:/BR/BR/SideScroller3/DerivedDataCache/Compressed.ddp not found, will not use a pak cache.
[2017.11.03-03.08.53:242][  0]LogDerivedDataCache: Unable to find inner node CompressedPak for hierarchical cache Hierarchy.
[2017.11.03-03.08.53:268][  0]LogDerivedDataCache: Display: Pak cache opened for reading ../../../Engine/DerivedDataCache/Compressed.ddp.
[2017.11.03-03.08.53:281][  0]LogDerivedDataCache: Using Local data cache path C:/Users/robertsonb.ULETH/AppData/Local/UnrealEngine/Common/DerivedDataCache: Writable
[2017.11.03-03.08.53:307][  0]LogMaterial: Verifying Global Shaders for PCD3D_SM5
[2017.11.03-03.08.53:307][  0]LogSlate: Using Freetype 2.6.0
[2017.11.03-03.08.53:309][  0]LogSlate: SlateFontCache - WITH_FREETYPE: 1, WITH_HARFBUZZ: 1
[2017.11.03-03.08.53:309][  0]LogSlate: SlateFontCache - WITH_FREETYPE: 1, WITH_HARFBUZZ: 1
[2017.11.03-03.08.53:842][  0]LogAssetRegistry: FAssetRegistry took 0.0276 seconds to start up
[2017.11.03-03.08.54:037][  0]LogInit: Selected Device Profile: [Windows]
[2017.11.03-03.08.54:313][  0]LogContentStreaming: Texture pool size is 0.00 MB
[2017.11.03-03.08.54:953][  0]LogSimplygon: Simplygon DLL not present - disabling.
[2017.11.03-03.08.55:069][  0]LogMeshReduction: Using SimplygonSwarm for distributed automatic mesh merging
[2017.11.03-03.08.55:069][  0]LogMeshReduction: Using QuadricMeshReduction for automatic static mesh reduction
[2017.11.03-03.08.55:069][  0]LogMeshReduction: No automatic skeletal mesh reduction module available
[2017.11.03-03.08.55:069][  0]LogMeshReduction: No automatic mesh merging module available
[2017.11.03-03.08.55:069][  0]LogMeshMerging: No automatic mesh merging module available
[2017.11.03-03.08.55:748][  0]LogNetVersion: SideScroller3 , NetCL: 3573198, EngineNetVer: 2, GameNetVer: 0 (Checksum: 3348076882)
[2017.11.03-03.08.56:187][  0]LogPackageLocalizationCache: Processed 5 localized package path(s) for 2 prioritized culture(s) in 0.072340 seconds
[2017.11.03-03.08.56:203][  0]LogUObjectArray: 35825 objects as part of root set at end of initial load.
[2017.11.03-03.08.56:203][  0]LogUObjectAllocator: 7529104 out of 0 bytes used by permanent object pool.
[2017.11.03-03.08.56:203][  0]LogUObjectArray: CloseDisregardForGC: 0/0 objects in disregard for GC pool
[2017.11.03-03.08.56:329][  0]LogInit: WinSock: version 1.1 (2.2), MaxSocks=32767, MaxUdp=65467
[2017.11.03-03.09.00:989][  0]LogTcpMessaging: Initializing TcpMessaging bridge
[2017.11.03-03.09.01:054][  0]LogUdpMessaging: Initializing bridge on interface 0.0.0.0:0 to multicast group 230.0.0.1:6666.
[2017.11.03-03.09.02:087][  0]LogMaterial: Uniform references updated for custom material expression Custom.
[2017.11.03-03.09.02:938][  0]SourceControl: Source control is disabled
[2017.11.03-03.09.04:862][  0]LogAndroidPermission: UAndroidPermissionCallbackProxy::GetInstance
[2017.11.03-03.09.05:393][  0]LogOcInput: OculusInput pre-init called
[2017.11.03-03.09.05:837][  0]LogEngine: Initializing Engine...
[2017.11.03-03.09.05:841][  0]LogHMD: Failed to initialize OpenVR with code 110
[2017.11.03-03.09.06:180][  0]LogStats: UGameplayTagsManager::ConstructGameplayTagTree: Construct from data asset -  0.000 s
[2017.11.03-03.09.06:180][  0]LogStats: UGameplayTagsManager::ConstructGameplayTagTree: GameplayTagTreeChangedEvent.Broadcast -  0.000 s
[2017.11.03-03.09.06:384][  0]LogAIModule: Creating AISystem for world Untitled
[2017.11.03-03.09.06:396][  0]LogInit: XAudio2 using 'Speakers / Headphones (Realtek High Definition Audio)' : 2 channels at 48 kHz using 32 bits per sample (channel mask 0x3)
[2017.11.03-03.09.06:540][  0]LogInit: FAudioDevice initialized.
[2017.11.03-03.09.06:907][  0]LogDerivedDataCache: Saved boot cache 0.37s 93MB C:/Users/robertsonb.ULETH/AppData/Local/UnrealEngine/4.17/DerivedDataCache/Boot.ddc.
[2017.11.03-03.09.06:938][  0]LogInit: Texture streaming: Enabled
[2017.11.03-03.09.07:173][  0]LogEngineSessionManager: EngineSessionManager initialized
[2017.11.03-03.09.07:600][  0]LogInit: Transaction tracking system initialized
[2017.11.03-03.09.08:096][  0]BlueprintLog: New page: Editor Load
[2017.11.03-03.09.09:856][  0]LocalizationService: Localization service is disabled
[2017.11.03-03.09.11:301][  0]LogConsoleResponse: Display: 
[2017.11.03-03.09.11:619][  0]LogCook: Display: Max memory allowance for cook 16384mb min free memory 0mb
[2017.11.03-03.09.11:619][  0]LogCook: Display: Mobile HDR setting 1
[2017.11.03-03.09.11:619][  0]LogGameplayTags: Display: UGameplayTagsManager::DoneAddingNativeTags. DelegateIsBound: 0
[2017.11.03-03.09.12:037][  0]LogFileCache: Scanning file cache for directory 'D:/BR/BR/SideScroller3/Content/' took 0.02s
[2017.11.03-03.09.13:449][  0]Cmd: MAP LOAD FILE="D:/BR/BR/SideScroller3/Content/SideScrollerBP/Maps/SideScrollerExampleMap.umap" TEMPLATE=0 SHOWPROGRESS=1 FEATURELEVEL=3
[2017.11.03-03.09.13:450][  0]LogEditorServer: Warning: Can't find file 'D:/BR/BR/SideScroller3/Content/SideScrollerBP/Maps/SideScrollerExampleMap.umap'
[2017.11.03-03.09.13:450][  0]Cmd: MAP CHECKDEP NOCLEARLOG
[2017.11.03-03.09.13:572][  0]MapCheck: Map check complete: 0 Error(s), 0 Warning(s), took 121.351ms to complete.
[2017.11.03-03.09.13:572][  0]LogFileHelpers: Loading map 'SideScrollerExampleMap' took 0.122
[2017.11.03-03.09.13:720][  0]LogWindowsTextInputMethodSystem: Display: IME system now deactivated.
[2017.11.03-03.09.13:888][  0]LogCollectionManager: Loaded 0 collections in 0.002577 seconds
[2017.11.03-03.09.14:018][  0]LogFileCache: Scanning file cache for directory 'D:/BR/BR/SideScroller3/Saved/Collections/' took 0.01s
[2017.11.03-03.09.14:018][  0]LogFileCache: Scanning file cache for directory 'D:/BR/BR/SideScroller3/Content/Developers/robertsonb/Collections/' took 0.01s
[2017.11.03-03.09.14:018][  0]LogFileCache: Scanning file cache for directory 'D:/BR/BR/SideScroller3/Content/Collections/' took 0.01s
[2017.11.03-03.09.14:018][  0]LogCollectionManager: Rebuilt the GUID cache for 0 collections in 0.000001 seconds
[2017.11.03-03.09.14:029][  0]LogContentBrowser: Native class hierarchy populated in 0.0112 seconds. Added 2386 classes and 500 folders.
[2017.11.03-03.09.14:123][  0]LogContentBrowser: Native class hierarchy updated for 'WidgetCarousel' in 0.0008 seconds. Added 0 classes and 0 folders.
[2017.11.03-03.09.14:205][  0]LogContentBrowser: Native class hierarchy updated for 'AddContentDialog' in 0.0015 seconds. Added 0 classes and 0 folders.
[2017.11.03-03.09.14:281][  0]LogContentBrowser: Native class hierarchy updated for 'SceneOutliner' in 0.0015 seconds. Added 1 classes and 2 folders.
[2017.11.03-03.09.14:318][  0]LogSlate: Took 0.000294 seconds to synchronously load lazily loaded font '../../../Engine/Content/Slate/Fonts/Roboto-Regular.ttf' (155K)
[2017.11.03-03.09.14:321][  0]LogSlate: Took 0.000257 seconds to synchronously load lazily loaded font '../../../Engine/Content/Slate/Fonts/Roboto-Bold.ttf' (160K)
[2017.11.03-03.09.14:330][  0]LogSlate: Took 0.000310 seconds to synchronously load lazily loaded font '../../../Engine/Content/Editor/Slate/Fonts/FontAwesome.ttf' (139K)
[2017.11.03-03.09.14:519][  0]LogRenderer: Reallocating scene render targets to support 1208x652 Format 10 NumSamples 1 (Frame:1).
[2017.11.03-03.09.14:817][  0]LogContentBrowser: Native class hierarchy updated for 'HierarchicalLODOutliner' in 0.0008 seconds. Added 1 classes and 2 folders.
[2017.11.03-03.09.14:817][  0]LogLoad: (Engine Initialization) Total time: 30.46 seconds
[2017.11.03-03.09.14:817][  0]LogLoad: (Engine Initialization) Total Blueprint compile time: 0.00 seconds
[2017.11.03-03.09.14:818][  0]LogExternalProfiler: No external profilers were discovered.  External profiling features will not be available.
[2017.11.03-03.09.14:849][  0]SourceControl: On branch master
[2017.11.03-03.09.14:849][  0]SourceControl: Changes not staged for commit:
[2017.11.03-03.09.14:849][  0]SourceControl:   (use "git add <file>..." to update what will be committed)
[2017.11.03-03.09.14:849][  0]SourceControl:   (use "git checkout -- <file>..." to discard changes in working directory)
[2017.11.03-03.09.14:849][  0]SourceControl: 	modified:   Saved/Config/Windows/Editor.ini
[2017.11.03-03.09.14:849][  0]SourceControl: 	modified:   Saved/Config/Windows/EditorPerProjectUserSettings.ini
[2017.11.03-03.09.14:849][  0]SourceControl: 	modified:   Saved/Config/Windows/Engine.ini
[2017.11.03-03.09.14:849][  0]SourceControl: 	modified:   Saved/Logs/SideScroller3.log
[2017.11.03-03.09.14:849][  0]SourceControl: Untracked files:
[2017.11.03-03.09.14:849][  0]SourceControl:   (use "git add <file>..." to include in what will be committed)
[2017.11.03-03.09.14:849][  0]SourceControl: 	Saved/Config/CrashReportClient/UE4CC-Windows-F7416ECE4B89A6417FAB76BC91B9B201/
[2017.11.03-03.09.14:850][  0]SourceControl: 	Saved/Logs/SideScroller3-backup-2017.11.02-21.08.46.log
[2017.11.03-03.09.14:850][  0]SourceControl: no changes added to commit (use "git add" and/or "git commit -a")
[2017.11.03-03.09.14:850][  0]LogContentStreaming: Texture pool size now 1000 MB
[2017.11.03-03.09.14:919][  0]LogSlate: Took 0.000279 seconds to synchronously load lazily loaded font '../../../Engine/Content/Slate/Fonts/Roboto-Light.ttf' (159K)
[2017.11.03-03.09.14:966][  2]LogAssetRegistry: Asset discovery search completed in 21.1461 seconds
[2017.11.03-03.09.14:968][  2]LogCollectionManager: Rebuilt the object cache for 0 collections in 0.000001 seconds (found 0 objects)
[2017.11.03-03.09.14:968][  2]LogCollectionManager: Fixed up redirectors for 0 collections in 0.000052 seconds (updated 0 objects)
[2017.11.03-03.09.16:169][ 16]LogSlate: Took 0.000517 seconds to synchronously load lazily loaded font '../../../Engine/Content/Slate/Fonts/Roboto-Light.ttf' (159K)
[2017.11.03-03.09.29:891][499]LogSlate: Took 0.000185 seconds to synchronously load lazily loaded font '../../../Engine/Content/Slate/Fonts/Roboto-Light.ttf' (159K)
[2017.11.03-03.09.30:452][499]LogContentBrowser: Native class hierarchy updated for 'BlueprintGraph' in 0.0023 seconds. Added 113 classes and 0 folders.
[2017.11.03-03.09.31:363][499]LogSlate: Took 0.000333 seconds to synchronously load lazily loaded font '../../../Engine/Content/Slate/Fonts/Roboto-Regular.ttf' (155K)
[2017.11.03-03.09.44:709][945]LogStaticMesh: Building static mesh Healer_Asset...
[2017.11.03-03.09.44:826][945]LogStaticMesh: Built static mesh [0.12s] /Game/Monsters/Monsters/Healer/Healer_Asset.Healer_Asset
[2017.11.03-03.09.44:877][945]LogMaterial: Missing cached shader map for material Material__2, compiling. 
[2017.11.03-03.09.45:621][945]LogRenderer: Reallocating scene render targets to support 1432x1044 Format 10 NumSamples 1 (Frame:1).
[2017.11.03-03.11.28:907][359]SourceControl: fatal: C:/Program Files/Epic Games/UE_4.17/Engine/Content/: 'C:/Program Files/Epic Games/UE_4.17/Engine/Content/' is outside repository
[2017.11.03-03.11.29:063][359]EditorErrors: Warning: No assets to check in!
[2017.11.03-03.13.19:708][381]SourceControl: rm 'Content/yep.uasset'
[2017.11.03-03.13.22:401][668]SourceControl: fatal: C:/Program Files/Epic Games/UE_4.17/Engine/Content/: 'C:/Program Files/Epic Games/UE_4.17/Engine/Content/' is outside repository
[2017.11.03-03.13.37:696][668]LogSourceControl: FGitCheckInWorker: commit successful
[2017.11.03-03.13.37:752][668]SourceControl: [master cf47c91] Removed Andrews Yep BP, nothing to write about
[2017.11.03-03.13.37:752][668]SourceControl:  Committer: Robertson <robertsonb@uleth.ca>
[2017.11.03-03.13.37:752][668]SourceControl: Your name and email address were configured automatically based
[2017.11.03-03.13.37:752][668]SourceControl: on your username and hostname. Please check that they are accurate.
[2017.11.03-03.13.37:752][668]SourceControl: You can suppress this message by setting them explicitly:
[2017.11.03-03.13.37:752][668]SourceControl:     git config --global user.name "Your Name"
[2017.11.03-03.13.37:752][668]SourceControl:     git config --global user.email you@example.com
[2017.11.03-03.13.37:752][668]SourceControl: After doing this, you may fix the identity used for this commit with:
[2017.11.03-03.13.37:753][668]SourceControl:     git commit --amend --reset-author
[2017.11.03-03.13.37:753][668]SourceControl:  1 file changed, 0 insertions(+), 0 deletions(-)
[2017.11.03-03.13.37:753][668]SourceControl:  delete mode 100644 Content/yep.uasset
[2017.11.03-03.13.37:782][668]SourceControl: Commited [master cf47c91] Removed Andrews Yep BP, nothing to write about.
[2017.11.03-03.28.50:017][709]LogAIModule: Creating AISystem for world ExampleMap
[2017.11.03-03.28.50:020][709]LogMaterial: Warning: Material /Game/StarterContent/Materials/M_Brick_Clay_Old.M_Brick_Clay_Old needed to have new flag set bUsedWithSkeletalMesh !
[2017.11.03-03.28.50:024][709]LogMaterial: Missing cached shader map for material M_Brick_Clay_Old, compiling. 
[2017.11.03-03.28.50:090][709]MapCheck: Warning: M_Brick_Clay_Old Material /Game/StarterContent/Materials/M_Brick_Clay_Old.M_Brick_Clay_Old was missing the usage flag bUsedWithSkeletalMesh. If the material asset is not re-saved, it may not render correctly when run outside the editor. Fix
[2017.11.03-03.28.50:188][709]Cmd: MAP LOAD FILE="D:/BR/BR/SideScroller3/Content/ExampleMap.umap" TEMPLATE=0 SHOWPROGRESS=1 FEATURELEVEL=3
[2017.11.03-03.28.50:188][709]LightingResults: New page: Lighting Build
[2017.11.03-03.28.50:286][709]LogContentBrowser: Native class hierarchy updated for 'StatsViewer' in 0.0009 seconds. Added 5 classes and 0 folders.
[2017.11.03-03.28.50:287][709]LoadErrors: New page: Loading map: ExampleMap.umap
[2017.11.03-03.28.50:287][709]MapCheck: New page: Map Check
[2017.11.03-03.28.50:287][709]LightingResults: New page: Lighting Build
[2017.11.03-03.28.50:321][709]LogEditorServer: Finished looking for orphan Actors (0.000 secs)
[2017.11.03-03.28.50:524][709]Cmd: MAP CHECKDEP NOCLEARLOG
[2017.11.03-03.28.50:652][709]MapCheck: Map check complete: 0 Error(s), 0 Warning(s), took 128.431ms to complete.
[2017.11.03-03.28.50:652][709]LogFileHelpers: Loading map 'ExampleMap' took 0.466
[2017.11.03-03.29.21:288][407]SourceControl: On branch master
[2017.11.03-03.29.21:288][407]SourceControl: Changes not staged for commit:
[2017.11.03-03.29.21:288][407]SourceControl:   (use "git add <file>..." to update what will be committed)
[2017.11.03-03.29.21:288][407]SourceControl:   (use "git checkout -- <file>..." to discard changes in working directory)
[2017.11.03-03.29.21:288][407]SourceControl: 	modified:   Saved/Autosaves/PackageRestoreData.json
[2017.11.03-03.29.21:288][407]SourceControl: 	modified:   Saved/Config/Windows/Editor.ini
[2017.11.03-03.29.21:288][407]SourceControl: 	modified:   Saved/Config/Windows/EditorPerProjectUserSettings.ini
[2017.11.03-03.29.21:288][407]SourceControl: 	modified:   Saved/Config/Windows/Engine.ini
[2017.11.03-03.29.21:289][407]SourceControl: 	modified:   Saved/Logs/SideScroller3.log
[2017.11.03-03.29.21:289][407]SourceControl: no changes added to commit (use "git add" and/or "git commit -a")
[2017.11.03-03.29.21:705][407]Cmd: OBJ SAVEPACKAGE PACKAGE="/Game/Monsters/Owls/OwlBT" FILE="D:/BR/BR/SideScroller3/Content/Monsters/Owls/OwlBT.uasset" SILENT=true
[2017.11.03-03.29.21:716][407]LogSavePackage: Save=8.61ms
[2017.11.03-03.29.21:716][407]LogSavePackage: Moving 'D:/BR/BR/SideScroller3/Saved/OwlBT88D173074872B76898BBC78CB64F9903.tmp' to 'D:/BR/BR/SideScroller3/Content/Monsters/Owls/OwlBT.uasset'
[2017.11.03-03.29.21:719][407]LogSavePackage: Display: Finished SavePackage D:/BR/BR/SideScroller3/Content/Monsters/Owls/OwlBT.uasset
[2017.11.03-03.30.09:224][344]Cmd: OBJ SAVEPACKAGE PACKAGE="/Game/Monsters/Owls/AI_Owl" FILE="D:/BR/BR/SideScroller3/Content/Monsters/Owls/AI_Owl.uasset" SILENT=true
[2017.11.03-03.30.09:246][344]LogSavePackage: Save=19.26ms
[2017.11.03-03.30.09:246][344]LogSavePackage: Moving 'D:/BR/BR/SideScroller3/Saved/AI_Owl6C37C59A49D950F6E25B669726769A08.tmp' to 'D:/BR/BR/SideScroller3/Content/Monsters/Owls/AI_Owl.uasset'
[2017.11.03-03.30.09:249][344]LogSavePackage: Display: Finished SavePackage D:/BR/BR/SideScroller3/Content/Monsters/Owls/AI_Owl.uasset
[2017.11.03-03.30.09:455][344]Cmd: OBJ SAVEPACKAGE PACKAGE="/Game/Monsters/Owls/OwlBlackBoard" FILE="D:/BR/BR/SideScroller3/Content/Monsters/Owls/OwlBlackBoard.uasset" SILENT=true
[2017.11.03-03.30.09:466][344]LogSavePackage: Save=8.55ms
[2017.11.03-03.30.09:466][344]LogSavePackage: Moving 'D:/BR/BR/SideScroller3/Saved/OwlBlackBoardB1868D15404040C7D893B385A1A3F8DE.tmp' to 'D:/BR/BR/SideScroller3/Content/Monsters/Owls/OwlBlackBoard.uasset'
[2017.11.03-03.30.09:468][344]LogSavePackage: Display: Finished SavePackage D:/BR/BR/SideScroller3/Content/Monsters/Owls/OwlBlackBoard.uasset
[2017.11.03-03.30.14:539][761]SourceControl: fatal: C:/Program Files/Epic Games/UE_4.17/Engine/Content/: 'C:/Program Files/Epic Games/UE_4.17/Engine/Content/' is outside repository
[2017.11.03-03.30.35:107][761]LogSourceControl: FGitCheckInWorker: commit successful
[2017.11.03-03.30.35:184][761]SourceControl: [master de8acbd] Added the assets needed to create the owl AI
[2017.11.03-03.30.35:184][761]SourceControl:  Committer: Robertson <robertsonb@uleth.ca>
[2017.11.03-03.30.35:184][761]SourceControl: Your name and email address were configured automatically based
[2017.11.03-03.30.35:184][761]SourceControl: on your username and hostname. Please check that they are accurate.
[2017.11.03-03.30.35:184][761]SourceControl: You can suppress this message by setting them explicitly:
[2017.11.03-03.30.35:184][761]SourceControl:     git config --global user.name "Your Name"
[2017.11.03-03.30.35:184][761]SourceControl:     git config --global user.email you@example.com
[2017.11.03-03.30.35:184][761]SourceControl: After doing this, you may fix the identity used for this commit with:
[2017.11.03-03.30.35:184][761]SourceControl:     git commit --amend --reset-author
[2017.11.03-03.30.35:184][761]SourceControl:  3 files changed, 0 insertions(+), 0 deletions(-)
[2017.11.03-03.30.35:184][761]SourceControl:  create mode 100644 Content/Monsters/Owls/AI_Owl.uasset
[2017.11.03-03.30.35:184][761]SourceControl:  create mode 100644 Content/Monsters/Owls/OwlBT.uasset
[2017.11.03-03.30.35:184][761]SourceControl:  create mode 100644 Content/Monsters/Owls/OwlBlackBoard.uasset
[2017.11.03-03.30.35:228][761]SourceControl: Commited [master de8acbd] Added the assets needed to create the owl AI.
[2017.11.03-03.31.40:634][124]SourceControl: On branch master
[2017.11.03-03.31.40:634][124]SourceControl: Changes not staged for commit:
[2017.11.03-03.31.40:634][124]SourceControl:   (use "git add <file>..." to update what will be committed)
[2017.11.03-03.31.40:634][124]SourceControl:   (use "git checkout -- <file>..." to discard changes in working directory)
[2017.11.03-03.31.40:634][124]SourceControl: 	modified:   Saved/Autosaves/PackageRestoreData.json
[2017.11.03-03.31.40:634][124]SourceControl: 	modified:   Saved/Config/Windows/Editor.ini
[2017.11.03-03.31.40:635][124]SourceControl: 	modified:   Saved/Config/Windows/EditorPerProjectUserSettings.ini
[2017.11.03-03.31.40:635][124]SourceControl: 	modified:   Saved/Config/Windows/Engine.ini
[2017.11.03-03.31.40:635][124]SourceControl: 	modified:   Saved/Logs/SideScroller3.log
[2017.11.03-03.31.40:635][124]SourceControl: no changes added to commit (use "git add" and/or "git commit -a")
[2017.11.03-03.31.41:441][124]LogMetaData: Removing '/Game/Monsters/Owls/Owl1/BP_Owl1.BP_Owl1_C' ref from Metadata '/Game/Monsters/Owls/BP_Owl1.PackageMetaData'
[2017.11.03-03.31.41:441][124]LogMetaData: Removing '/Game/Monsters/Owls/Owl1/BP_Owl1.BP_Owl1:UserConstructionScript.K2Node_FunctionEntry_0' ref from Metadata '/Game/Monsters/Owls/BP_Owl1.PackageMetaData'
[2017.11.03-03.31.41:441][124]LogMetaData: Removing '/Game/Monsters/Owls/Owl1/BP_Owl1.SKEL_BP_Owl1_C:BndEvt__Owl1_Owl1_DM_K2Node_ComponentBoundEvent_1_ComponentHitSignature__DelegateSignature' ref from Metadata '/Game/Monsters/Owls/BP_Owl1.PackageMetaData'
[2017.11.03-03.31.41:441][124]LogMetaData: Removing '/Game/Monsters/Owls/Owl1/BP_Owl1.SKEL_BP_Owl1_C:ReceiveBeginPlay' ref from Metadata '/Game/Monsters/Owls/BP_Owl1.PackageMetaData'
[2017.11.03-03.31.41:441][124]LogMetaData: Removing '/Game/Monsters/Owls/Owl1/BP_Owl1.SKEL_BP_Owl1_C:Tombstone Vector' ref from Metadata '/Game/Monsters/Owls/BP_Owl1.PackageMetaData'
[2017.11.03-03.31.41:441][124]LogMetaData: Removing '/Game/Monsters/Owls/Owl1/BP_Owl1.SKEL_BP_Owl1_C:Health' ref from Metadata '/Game/Monsters/Owls/BP_Owl1.PackageMetaData'
[2017.11.03-03.31.41:441][124]LogMetaData: Removing '/Game/Monsters/Owls/Owl1/BP_Owl1.SKEL_BP_Owl1_C:Owl1_Owl1_DM' ref from Metadata '/Game/Monsters/Owls/BP_Owl1.PackageMetaData'
[2017.11.03-03.31.41:441][124]LogMetaData: Removing '/Game/Monsters/Owls/Owl1/BP_Owl1.SKEL_BP_Owl1_C:Owl1_Cap' ref from Metadata '/Game/Monsters/Owls/BP_Owl1.PackageMetaData'
[2017.11.03-03.31.41:441][124]LogMetaData: Removing '/Game/Monsters/Owls/Owl1/BP_Owl1.SKEL_BP_Owl1_C:owl_splatterer' ref from Metadata '/Game/Monsters/Owls/BP_Owl1.PackageMetaData'
[2017.11.03-03.31.41:442][124]LogMetaData: Removing '/Game/Monsters/Owls/Owl1/BP_Owl1.SKEL_BP_Owl1_C:UserConstructionScript' ref from Metadata '/Game/Monsters/Owls/BP_Owl1.PackageMetaData'
[2017.11.03-03.31.41:442][124]LogMetaData: Removing '/Game/Monsters/Owls/Owl1/BP_Owl1.SKEL_BP_Owl1_C' ref from Metadata '/Game/Monsters/Owls/BP_Owl1.PackageMetaData'
[2017.11.03-03.31.41:442][124]LogMetaData: Removing '/Game/Monsters/Owls/Owl1/BP_Owl1.BP_Owl1_C:Tombstone Vector' ref from Metadata '/Game/Monsters/Owls/BP_Owl1.PackageMetaData'
[2017.11.03-03.31.41:442][124]LogMetaData: Removing '/Game/Monsters/Owls/Owl1/BP_Owl1.BP_Owl1_C:Health' ref from Metadata '/Game/Monsters/Owls/BP_Owl1.PackageMetaData'
[2017.11.03-03.31.41:442][124]LogMetaData: Removing '/Game/Monsters/Owls/Owl1/BP_Owl1.BP_Owl1_C:Owl1_Owl1_DM' ref from Metadata '/Game/Monsters/Owls/BP_Owl1.PackageMetaData'
[2017.11.03-03.31.41:442][124]LogMetaData: Removing '/Game/Monsters/Owls/Owl1/BP_Owl1.BP_Owl1_C:Owl1_Cap' ref from Metadata '/Game/Monsters/Owls/BP_Owl1.PackageMetaData'
[2017.11.03-03.31.41:442][124]LogMetaData: Removing '/Game/Monsters/Owls/Owl1/BP_Owl1.BP_Owl1_C:owl_splatterer' ref from Metadata '/Game/Monsters/Owls/BP_Owl1.PackageMetaData'
[2017.11.03-03.31.41:442][124]LogMetaData: Removing '/Game/Monsters/Owls/Owl1/BP_Owl1.BP_Owl1_C:ReceiveBeginPlay' ref from Metadata '/Game/Monsters/Owls/BP_Owl1.PackageMetaData'
[2017.11.03-03.31.41:442][124]LogMetaData: Removing '/Game/Monsters/Owls/Owl1/BP_Owl1.BP_Owl1_C:UserConstructionScript' ref from Metadata '/Game/Monsters/Owls/BP_Owl1.PackageMetaData'
[2017.11.03-03.31.41:442][124]LogMetaData: Removing '/Game/Monsters/Owls/Owl1/BP_Owl1.BP_Owl1_C:ExecuteUbergraph_BP_Owl1' ref from Metadata '/Game/Monsters/Owls/BP_Owl1.PackageMetaData'
[2017.11.03-03.31.41:442][124]LogMetaData: Removing '/Game/Monsters/Owls/Owl1/BP_Owl1.BP_Owl1_C:BndEvt__Owl1_Owl1_DM_K2Node_ComponentBoundEvent_1_ComponentHitSignature__DelegateSignature' ref from Metadata '/Game/Monsters/Owls/BP_Owl1.PackageMetaData'
[2017.11.03-03.31.41:536][124]Cmd: OBJ SAVEPACKAGE PACKAGE="/Game/Monsters/Owls/Owl1/Owl1_Cap" FILE="D:/BR/BR/SideScroller3/Content/Monsters/Owls/Owl1/Owl1_Cap.uasset" SILENT=true
[2017.11.03-03.31.41:574][124]LogSavePackage: Save=34.24ms
[2017.11.03-03.31.41:574][124]LogSavePackage: Moving 'D:/BR/BR/SideScroller3/Saved/Owl1_CapCF781FFC41260E9366882CBAFE51BA6A.tmp' to 'D:/BR/BR/SideScroller3/Content/Monsters/Owls/Owl1/Owl1_Cap.uasset'
[2017.11.03-03.31.41:576][124]LogSavePackage: Display: Finished SavePackage D:/BR/BR/SideScroller3/Content/Monsters/Owls/Owl1/Owl1_Cap.uasset
[2017.11.03-03.31.41:773][124]Cmd: OBJ SAVEPACKAGE PACKAGE="/Game/Monsters/Owls/Owl1_Cap" FILE="D:/BR/BR/SideScroller3/Content/Monsters/Owls/Owl1_Cap.uasset" SILENT=true
[2017.11.03-03.31.41:795][124]LogSavePackage: Save=8.75ms
[2017.11.03-03.31.41:795][124]LogSavePackage: Moving 'D:/BR/BR/SideScroller3/Saved/Owl1_Cap0D634282480A0F6F3AE6D88E56887E31.tmp' to 'D:/BR/BR/SideScroller3/Content/Monsters/Owls/Owl1_Cap.uasset'
[2017.11.03-03.31.41:798][124]LogSavePackage: Display: Finished SavePackage D:/BR/BR/SideScroller3/Content/Monsters/Owls/Owl1_Cap.uasset
[2017.11.03-03.31.41:836][124]Cmd: OBJ SAVEPACKAGE PACKAGE="/Game/Monsters/Owls/Owl1/Owl1_Owl1" FILE="D:/BR/BR/SideScroller3/Content/Monsters/Owls/Owl1/Owl1_Owl1.uasset" SILENT=true
[2017.11.03-03.31.41:870][124]LogSavePackage: Save=32.07ms
[2017.11.03-03.31.41:870][124]LogSavePackage: Moving 'D:/BR/BR/SideScroller3/Saved/Owl1_Owl1A1F370F8414014A89F6580A8F2D7978C.tmp' to 'D:/BR/BR/SideScroller3/Content/Monsters/Owls/Owl1/Owl1_Owl1.uasset'
[2017.11.03-03.31.41:873][124]LogSavePackage: Display: Finished SavePackage D:/BR/BR/SideScroller3/Content/Monsters/Owls/Owl1/Owl1_Owl1.uasset
[2017.11.03-03.31.42:090][124]Cmd: OBJ SAVEPACKAGE PACKAGE="/Game/Monsters/Owls/Owl1_Owl1" FILE="D:/BR/BR/SideScroller3/Content/Monsters/Owls/Owl1_Owl1.uasset" SILENT=true
[2017.11.03-03.31.42:185][124]LogSavePackage: Save=9.21ms
[2017.11.03-03.31.42:185][124]LogSavePackage: Moving 'D:/BR/BR/SideScroller3/Saved/Owl1_Owl1ECA70ED3406283F78950DB8CA505EDE8.tmp' to 'D:/BR/BR/SideScroller3/Content/Monsters/Owls/Owl1_Owl1.uasset'
[2017.11.03-03.31.42:189][124]LogSavePackage: Display: Finished SavePackage D:/BR/BR/SideScroller3/Content/Monsters/Owls/Owl1_Owl1.uasset
[2017.11.03-03.31.42:226][124]Cmd: OBJ SAVEPACKAGE PACKAGE="/Game/Monsters/Owls/Owl1/Owl1_Owl1_DM" FILE="D:/BR/BR/SideScroller3/Content/Monsters/Owls/Owl1/Owl1_Owl1_DM.uasset" SILENT=true
[2017.11.03-03.31.42:375][124]LogSavePackage: Save=146.11ms
[2017.11.03-03.31.42:375][124]LogSavePackage: Moving 'D:/BR/BR/SideScroller3/Saved/Owl1_Owl1_DMF865A26D4E98B56A883388B97B425AE3.tmp' to 'D:/BR/BR/SideScroller3/Content/Monsters/Owls/Owl1/Owl1_Owl1_DM.uasset'
[2017.11.03-03.31.42:378][124]LogSavePackage: Display: Finished SavePackage D:/BR/BR/SideScroller3/Content/Monsters/Owls/Owl1/Owl1_Owl1_DM.uasset
[2017.11.03-03.31.42:718][124]Cmd: OBJ SAVEPACKAGE PACKAGE="/Game/Monsters/Owls/Owl1_Owl1_DM" FILE="D:/BR/BR/SideScroller3/Content/Monsters/Owls/Owl1_Owl1_DM.uasset" SILENT=true
[2017.11.03-03.31.42:739][124]LogSavePackage: Save=6.53ms
[2017.11.03-03.31.42:739][124]LogSavePackage: Moving 'D:/BR/BR/SideScroller3/Saved/Owl1_Owl1_DM073651CC486DBF19475A10A49B3CD4B7.tmp' to 'D:/BR/BR/SideScroller3/Content/Monsters/Owls/Owl1_Owl1_DM.uasset'
[2017.11.03-03.31.42:741][124]LogSavePackage: Display: Finished SavePackage D:/BR/BR/SideScroller3/Content/Monsters/Owls/Owl1_Owl1_DM.uasset
[2017.11.03-03.31.42:780][124]Cmd: OBJ SAVEPACKAGE PACKAGE="/Game/Monsters/Owls/Owl1/BP_Owl1" FILE="D:/BR/BR/SideScroller3/Content/Monsters/Owls/Owl1/BP_Owl1.uasset" SILENT=true
[2017.11.03-03.31.42:892][124]LogSavePackage: Save=108.83ms
[2017.11.03-03.31.42:892][124]LogSavePackage: Moving 'D:/BR/BR/SideScroller3/Saved/BP_Owl181A0D1BC46BA9E92F5C81BB3D32EF5A9.tmp' to 'D:/BR/BR/SideScroller3/Content/Monsters/Owls/Owl1/BP_Owl1.uasset'
[2017.11.03-03.31.42:895][124]LogSavePackage: Display: Finished SavePackage D:/BR/BR/SideScroller3/Content/Monsters/Owls/Owl1/BP_Owl1.uasset
[2017.11.03-03.31.43:143][124]Cmd: OBJ SAVEPACKAGE PACKAGE="/Game/Monsters/Owls/BP_Owl1" FILE="D:/BR/BR/SideScroller3/Content/Monsters/Owls/BP_Owl1.uasset" SILENT=true
[2017.11.03-03.31.43:168][124]LogSavePackage: Save=10.02ms
[2017.11.03-03.31.43:168][124]LogSavePackage: Moving 'D:/BR/BR/SideScroller3/Saved/BP_Owl11000E4144A0B5CA7CE67BD95436E1C8C.tmp' to 'D:/BR/BR/SideScroller3/Content/Monsters/Owls/BP_Owl1.uasset'
[2017.11.03-03.31.43:172][124]LogSavePackage: Display: Finished SavePackage D:/BR/BR/SideScroller3/Content/Monsters/Owls/BP_Owl1.uasset
[2017.11.03-03.31.50:463][752]SourceControl: fatal: C:/Program Files/Epic Games/UE_4.17/Engine/Content/: 'C:/Program Files/Epic Games/UE_4.17/Engine/Content/' is outside repository
[2017.11.03-03.32.01:084][752]LogSourceControl: FGitCheckInWorker: commit successful
[2017.11.03-03.32.01:205][752]SourceControl: [master 965a0e1] Moved a bunch of the owls around
[2017.11.03-03.32.01:205][752]SourceControl:  Committer: Robertson <robertsonb@uleth.ca>
[2017.11.03-03.32.01:205][752]SourceControl: Your name and email address were configured automatically based
[2017.11.03-03.32.01:205][752]SourceControl: on your username and hostname. Please check that they are accurate.
[2017.11.03-03.32.01:205][752]SourceControl: You can suppress this message by setting them explicitly:
[2017.11.03-03.32.01:205][752]SourceControl:     git config --global user.name "Your Name"
[2017.11.03-03.32.01:205][752]SourceControl:     git config --global user.email you@example.com
[2017.11.03-03.32.01:205][752]SourceControl: After doing this, you may fix the identity used for this commit with:
[2017.11.03-03.32.01:205][752]SourceControl:     git commit --amend --reset-author
[2017.11.03-03.32.01:205][752]SourceControl:  8 files changed, 0 insertions(+), 0 deletions(-)
[2017.11.03-03.32.01:205][752]SourceControl:  rewrite Content/Monsters/Owls/BP_Owl1.uasset (99%)
[2017.11.03-03.32.01:205][752]SourceControl:  create mode 100644 Content/Monsters/Owls/Owl1/BP_Owl1.uasset
[2017.11.03-03.32.01:205][752]SourceControl:  create mode 100644 Content/Monsters/Owls/Owl1/Owl1_Cap.uasset
[2017.11.03-03.32.01:205][752]SourceControl:  copy Content/Monsters/Owls/{ => Owl1}/Owl1_Owl1.uasset (61%)
[2017.11.03-03.32.01:205][752]SourceControl:  copy Content/Monsters/Owls/{ => Owl1}/Owl1_Owl1_DM.uasset (95%)
[2017.11.03-03.32.01:205][752]SourceControl:  rewrite Content/Monsters/Owls/Owl1_Cap.uasset (99%)
[2017.11.03-03.32.01:205][752]SourceControl:  rewrite Content/Monsters/Owls/Owl1_Owl1.uasset (99%)
[2017.11.03-03.32.01:205][752]SourceControl:  rewrite Content/Monsters/Owls/Owl1_Owl1_DM.uasset (99%)
[2017.11.03-03.32.01:249][752]SourceControl: Commited [master 965a0e1] Moved a bunch of the owls around.
[2017.11.03-03.32.18:728][629]SourceControl: On branch master
[2017.11.03-03.32.18:728][629]SourceControl: Changes not staged for commit:
[2017.11.03-03.32.18:728][629]SourceControl:   (use "git add <file>..." to update what will be committed)
[2017.11.03-03.32.18:728][629]SourceControl:   (use "git checkout -- <file>..." to discard changes in working directory)
[2017.11.03-03.32.18:728][629]SourceControl: 	modified:   Saved/Autosaves/PackageRestoreData.json
[2017.11.03-03.32.18:728][629]SourceControl: 	modified:   Saved/Config/Windows/Editor.ini
[2017.11.03-03.32.18:728][629]SourceControl: 	modified:   Saved/Config/Windows/EditorPerProjectUserSettings.ini
[2017.11.03-03.32.18:728][629]SourceControl: 	modified:   Saved/Config/Windows/Engine.ini
[2017.11.03-03.32.18:728][629]SourceControl: 	modified:   Saved/Logs/SideScroller3.log
[2017.11.03-03.32.18:728][629]SourceControl: no changes added to commit (use "git add" and/or "git commit -a")
[2017.11.03-03.32.19:152][629]Cmd: OBJ SAVEPACKAGE PACKAGE="/Game/Monsters/Owls/Owl2/Owl2_Object001" FILE="D:/BR/BR/SideScroller3/Content/Monsters/Owls/Owl2/Owl2_Object001.uasset" SILENT=true
[2017.11.03-03.32.19:177][629]LogSavePackage: Save=22.52ms
[2017.11.03-03.32.19:177][629]LogSavePackage: Moving 'D:/BR/BR/SideScroller3/Saved/Owl2_Object0011947D54F48BFD24D4F10C6859CF3A8C6.tmp' to 'D:/BR/BR/SideScroller3/Content/Monsters/Owls/Owl2/Owl2_Object001.uasset'
[2017.11.03-03.32.19:180][629]LogSavePackage: Display: Finished SavePackage D:/BR/BR/SideScroller3/Content/Monsters/Owls/Owl2/Owl2_Object001.uasset
[2017.11.03-03.32.19:375][629]Cmd: OBJ SAVEPACKAGE PACKAGE="/Game/Monsters/Owls/Owl2_Object001" FILE="D:/BR/BR/SideScroller3/Content/Monsters/Owls/Owl2_Object001.uasset" SILENT=true
[2017.11.03-03.32.19:397][629]LogSavePackage: Save=8.38ms
[2017.11.03-03.32.19:397][629]LogSavePackage: Moving 'D:/BR/BR/SideScroller3/Saved/Owl2_Object001436B18624B43602D29AB3CA8CEFAEE5A.tmp' to 'D:/BR/BR/SideScroller3/Content/Monsters/Owls/Owl2_Object001.uasset'
[2017.11.03-03.32.19:400][629]LogSavePackage: Display: Finished SavePackage D:/BR/BR/SideScroller3/Content/Monsters/Owls/Owl2_Object001.uasset
[2017.11.03-03.32.22:397][908]SourceControl: fatal: C:/Program Files/Epic Games/UE_4.17/Engine/Content/: 'C:/Program Files/Epic Games/UE_4.17/Engine/Content/' is outside repository
[2017.11.03-03.32.31:234][908]LogSourceControl: FGitCheckInWorker: commit successful
[2017.11.03-03.32.31:322][908]SourceControl: [master 5d1a713] More Owl moving
[2017.11.03-03.32.31:322][908]SourceControl:  Committer: Robertson <robertsonb@uleth.ca>
[2017.11.03-03.32.31:322][908]SourceControl: Your name and email address were configured automatically based
[2017.11.03-03.32.31:322][908]SourceControl: on your username and hostname. Please check that they are accurate.
[2017.11.03-03.32.31:322][908]SourceControl: You can suppress this message by setting them explicitly:
[2017.11.03-03.32.31:322][908]SourceControl:     git config --global user.name "Your Name"
[2017.11.03-03.32.31:322][908]SourceControl:     git config --global user.email you@example.com
[2017.11.03-03.32.31:322][908]SourceControl: After doing this, you may fix the identity used for this commit with:
[2017.11.03-03.32.31:322][908]SourceControl:     git commit --amend --reset-author
[2017.11.03-03.32.31:322][908]SourceControl:  2 files changed, 0 insertions(+), 0 deletions(-)
[2017.11.03-03.32.31:322][908]SourceControl:  copy Content/Monsters/Owls/{ => Owl2}/Owl2_Object001.uasset (72%)
[2017.11.03-03.32.31:322][908]SourceControl:  rewrite Content/Monsters/Owls/Owl2_Object001.uasset (99%)
[2017.11.03-03.32.31:347][908]SourceControl: Commited [master 5d1a713] More Owl moving.
[2017.11.03-03.32.46:247][865]SourceControl: rm 'Content/SideScrollerBP/M_CheckpointMonst.uasset'
[2017.11.03-03.32.46:247][865]SourceControl: rm 'Content/SideScrollerBP/Owl1_Owl1.uasset'
[2017.11.03-03.32.46:247][865]SourceControl: rm 'Content/SideScrollerBP/Owl2_Object001.uasset'
[2017.11.03-03.32.46:247][865]SourceControl: rm 'Content/SideScrollerBP/ProjectileMonst_Box001.uasset'
[2017.11.03-03.32.46:247][865]SourceControl: rm 'Content/SideScrollerBP/checkpointMNSTR.uasset'
[2017.11.03-03.32.49:732][240]SourceControl: fatal: C:/Program Files/Epic Games/UE_4.17/Engine/Content/: 'C:/Program Files/Epic Games/UE_4.17/Engine/Content/' is outside repository
[2017.11.03-03.33.09:378][240]LogSourceControl: FGitCheckInWorker: commit successful
[2017.11.03-03.33.09:444][240]SourceControl: [master 24e2076] Removed redundant assets from the content
[2017.11.03-03.33.09:444][240]SourceControl:  Committer: Robertson <robertsonb@uleth.ca>
[2017.11.03-03.33.09:444][240]SourceControl: Your name and email address were configured automatically based
[2017.11.03-03.33.09:444][240]SourceControl: on your username and hostname. Please check that they are accurate.
[2017.11.03-03.33.09:444][240]SourceControl: You can suppress this message by setting them explicitly:
[2017.11.03-03.33.09:444][240]SourceControl:     git config --global user.name "Your Name"
[2017.11.03-03.33.09:444][240]SourceControl:     git config --global user.email you@example.com
[2017.11.03-03.33.09:444][240]SourceControl: After doing this, you may fix the identity used for this commit with:
[2017.11.03-03.33.09:444][240]SourceControl:     git commit --amend --reset-author
[2017.11.03-03.33.09:444][240]SourceControl:  5 files changed, 0 insertions(+), 0 deletions(-)
[2017.11.03-03.33.09:444][240]SourceControl:  delete mode 100644 Content/SideScrollerBP/M_CheckpointMonst.uasset
[2017.11.03-03.33.09:444][240]SourceControl:  delete mode 100644 Content/SideScrollerBP/Owl1_Owl1.uasset
[2017.11.03-03.33.09:444][240]SourceControl:  delete mode 100644 Content/SideScrollerBP/Owl2_Object001.uasset
[2017.11.03-03.33.09:444][240]SourceControl:  delete mode 100644 Content/SideScrollerBP/ProjectileMonst_Box001.uasset
[2017.11.03-03.33.09:444][240]SourceControl:  delete mode 100644 Content/SideScrollerBP/checkpointMNSTR.uasset
[2017.11.03-03.33.09:482][240]SourceControl: Commited [master 24e2076] Removed redundant assets from the content.
